
Dense MXM
  C/OpenMP version.

  Matrix multiplication tests.

Matrix Size: 512
  Number of processors available = 8
  Number of threads =              8

========================Unoptimized Parallel Static================================

Run number: 0
  Floating point OPS roughly 268435456
  Elapsed time dT = 0.251675
  Rate = MegaOPS/dT = 1066.596171

Run number: 1
  Floating point OPS roughly 268435456
  Elapsed time dT = 0.241724
  Rate = MegaOPS/dT = 1110.501861

Run number: 2
  Floating point OPS roughly 268435456
  Elapsed time dT = 0.241999
  Rate = MegaOPS/dT = 1109.242239

Run number: 3
  Floating point OPS roughly 268435456
  Elapsed time dT = 0.242287
  Rate = MegaOPS/dT = 1107.925665

Run number: 4
  Floating point OPS roughly 268435456
  Elapsed time dT = 0.243643
  Rate = MegaOPS/dT = 1101.756169

Run number: 5
  Floating point OPS roughly 268435456
  Elapsed time dT = 0.239880
  Rate = MegaOPS/dT = 1119.039449

Run number: 6
  Floating point OPS roughly 268435456
  Elapsed time dT = 0.240525
  Rate = MegaOPS/dT = 1116.040222

Run number: 7
  Floating point OPS roughly 268435456
  Elapsed time dT = 0.253213
  Rate = MegaOPS/dT = 1060.116369

Run number: 8
  Floating point OPS roughly 268435456
  Elapsed time dT = 0.241255
  Rate = MegaOPS/dT = 1112.662565

Run number: 9
  Floating point OPS roughly 268435456
  Elapsed time dT = 0.242781
  Rate = MegaOPS/dT = 1105.669959
Average Elapsed Time dT: 0.243898
Average Rate: 1100.955067

========================Unoptimized Parallel Static End================================

========================Unoptimized Parallel Dynamic================================

Run number: 0
  Floating point OPS roughly 268435456
  Elapsed time dT = 0.254111
  Rate = MegaOPS/dT = 1056.371564

Run number: 1
  Floating point OPS roughly 268435456
  Elapsed time dT = 0.258743
  Rate = MegaOPS/dT = 1037.460049

Run number: 2
  Floating point OPS roughly 268435456
  Elapsed time dT = 0.256149
  Rate = MegaOPS/dT = 1047.965634

Run number: 3
  Floating point OPS roughly 268435456
  Elapsed time dT = 0.255452
  Rate = MegaOPS/dT = 1050.826550

Run number: 4
  Floating point OPS roughly 268435456
  Elapsed time dT = 0.255683
  Rate = MegaOPS/dT = 1049.876416

Run number: 5
  Floating point OPS roughly 268435456
  Elapsed time dT = 0.255503
  Rate = MegaOPS/dT = 1050.616947

Run number: 6
  Floating point OPS roughly 268435456
  Elapsed time dT = 0.257155
  Rate = MegaOPS/dT = 1043.865342

Run number: 7
  Floating point OPS roughly 268435456
  Elapsed time dT = 0.255264
  Rate = MegaOPS/dT = 1051.597807

Run number: 8
  Floating point OPS roughly 268435456
  Elapsed time dT = 0.256469
  Rate = MegaOPS/dT = 1046.659032

Run number: 9
  Floating point OPS roughly 268435456
  Elapsed time dT = 0.254764
  Rate = MegaOPS/dT = 1053.663859
Average Elapsed Time dT: 0.255929
Average Rate: 1048.890320

========================Unoptimized Parallel Dynamic End================================

========================Unoptimized Parallel Guided================================

Run number: 0
  Floating point OPS roughly 268435456
  Elapsed time dT = 0.201307
  Rate = MegaOPS/dT = 1333.463370

Run number: 1
  Floating point OPS roughly 268435456
  Elapsed time dT = 0.202522
  Rate = MegaOPS/dT = 1325.462751

Run number: 2
  Floating point OPS roughly 268435456
  Elapsed time dT = 0.203808
  Rate = MegaOPS/dT = 1317.100891

Run number: 3
  Floating point OPS roughly 268435456
  Elapsed time dT = 0.204079
  Rate = MegaOPS/dT = 1315.348447

Run number: 4
  Floating point OPS roughly 268435456
  Elapsed time dT = 0.202311
  Rate = MegaOPS/dT = 1326.844025

Run number: 5
  Floating point OPS roughly 268435456
  Elapsed time dT = 0.201414
  Rate = MegaOPS/dT = 1332.754737

Run number: 6
  Floating point OPS roughly 268435456
  Elapsed time dT = 0.202769
  Rate = MegaOPS/dT = 1323.847649

Run number: 7
  Floating point OPS roughly 268435456
  Elapsed time dT = 0.200989
  Rate = MegaOPS/dT = 1335.571277

Run number: 8
  Floating point OPS roughly 268435456
  Elapsed time dT = 0.200705
  Rate = MegaOPS/dT = 1337.463857

Run number: 9
  Floating point OPS roughly 268435456
  Elapsed time dT = 0.202135
  Rate = MegaOPS/dT = 1327.998387
Average Elapsed Time dT: 0.202204
Average Rate: 1327.585539

========================Unoptimized Parallel Guided End================================

========================Loop Optimized Parallel Static================================

Run number: 0
  Floating point OPS roughly 268435456
  Elapsed time dT = 0.230241
  Rate = MegaOPS/dT = 1165.890786

Run number: 1
  Floating point OPS roughly 268435456
  Elapsed time dT = 0.215217
  Rate = MegaOPS/dT = 1247.278124

Run number: 2
  Floating point OPS roughly 268435456
  Elapsed time dT = 0.216830
  Rate = MegaOPS/dT = 1237.996786

Run number: 3
  Floating point OPS roughly 268435456
  Elapsed time dT = 0.215110
  Rate = MegaOPS/dT = 1247.901086

Run number: 4
  Floating point OPS roughly 268435456
  Elapsed time dT = 0.216072
  Rate = MegaOPS/dT = 1242.340654

Run number: 5
  Floating point OPS roughly 268435456
  Elapsed time dT = 0.217370
  Rate = MegaOPS/dT = 1234.923285

Run number: 6
  Floating point OPS roughly 268435456
  Elapsed time dT = 0.214044
  Rate = MegaOPS/dT = 1254.113997

Run number: 7
  Floating point OPS roughly 268435456
  Elapsed time dT = 0.218853
  Rate = MegaOPS/dT = 1226.555358

Run number: 8
  Floating point OPS roughly 268435456
  Elapsed time dT = 0.214758
  Rate = MegaOPS/dT = 1249.943377

Run number: 9
  Floating point OPS roughly 268435456
  Elapsed time dT = 0.214711
  Rate = MegaOPS/dT = 1250.216482
Average Elapsed Time dT: 0.217321
Average Rate: 1235.715994

========================Loop Optimized Parallel Static End================================

========================Loop Optimized Parallel Dynamic================================

Run number: 0
  Floating point OPS roughly 268435456
  Elapsed time dT = 0.215638
  Rate = MegaOPS/dT = 1244.844374

Run number: 1
  Floating point OPS roughly 268435456
  Elapsed time dT = 0.215327
  Rate = MegaOPS/dT = 1246.638426

Run number: 2
  Floating point OPS roughly 268435456
  Elapsed time dT = 0.214347
  Rate = MegaOPS/dT = 1252.341677

Run number: 3
  Floating point OPS roughly 268435456
  Elapsed time dT = 0.215299
  Rate = MegaOPS/dT = 1246.801104

Run number: 4
  Floating point OPS roughly 268435456
  Elapsed time dT = 0.214596
  Rate = MegaOPS/dT = 1250.884642

Run number: 5
  Floating point OPS roughly 268435456
  Elapsed time dT = 0.215195
  Rate = MegaOPS/dT = 1247.407463

Run number: 6
  Floating point OPS roughly 268435456
  Elapsed time dT = 0.215251
  Rate = MegaOPS/dT = 1247.083549

Run number: 7
  Floating point OPS roughly 268435456
  Elapsed time dT = 0.214008
  Rate = MegaOPS/dT = 1254.321703

Run number: 8
  Floating point OPS roughly 268435456
  Elapsed time dT = 0.214867
  Rate = MegaOPS/dT = 1249.308607

Run number: 9
  Floating point OPS roughly 268435456
  Elapsed time dT = 0.213881
  Rate = MegaOPS/dT = 1255.066356
Average Elapsed Time dT: 0.214841
Average Rate: 1249.469790

========================Loop Optimized Parallel Dynamic End================================

========================Loop Optimized Parallel Guided================================

Run number: 0
  Floating point OPS roughly 268435456
  Elapsed time dT = 0.213233
  Rate = MegaOPS/dT = 1258.881692

Run number: 1
  Floating point OPS roughly 268435456
  Elapsed time dT = 0.212867
  Rate = MegaOPS/dT = 1261.050046

Run number: 2
  Floating point OPS roughly 268435456
  Elapsed time dT = 0.212471
  Rate = MegaOPS/dT = 1263.397575

Run number: 3
  Floating point OPS roughly 268435456
  Elapsed time dT = 0.212570
  Rate = MegaOPS/dT = 1262.807582

Run number: 4
  Floating point OPS roughly 268435456
  Elapsed time dT = 0.220789
  Rate = MegaOPS/dT = 1215.799494

Run number: 5
  Floating point OPS roughly 268435456
  Elapsed time dT = 0.212704
  Rate = MegaOPS/dT = 1262.013845

Run number: 6
  Floating point OPS roughly 268435456
  Elapsed time dT = 0.210936
  Rate = MegaOPS/dT = 1272.594275

Run number: 7
  Floating point OPS roughly 268435456
  Elapsed time dT = 0.211794
  Rate = MegaOPS/dT = 1267.435906

Run number: 8
  Floating point OPS roughly 268435456
  Elapsed time dT = 0.213122
  Rate = MegaOPS/dT = 1259.538588

Run number: 9
  Floating point OPS roughly 268435456
  Elapsed time dT = 0.212836
  Rate = MegaOPS/dT = 1261.229230
Average Elapsed Time dT: 0.213332
Average Rate: 1258.474823

========================Loop Optimized Parallel Guided End================================

====================Parallel Blocking Static=============================

  Block Size = 16
Run number: 0
  Floating point OPS roughly 268435456
  Elapsed time dT = 0.901631
  Rate = MegaOPS/dT = 297.721947

  Block Size = 16
Run number: 1
  Floating point OPS roughly 268435456
  Elapsed time dT = 0.910894
  Rate = MegaOPS/dT = 294.694583

  Block Size = 16
Run number: 2
  Floating point OPS roughly 268435456
  Elapsed time dT = 0.903291
  Rate = MegaOPS/dT = 297.174895

  Block Size = 16
Run number: 3
  Floating point OPS roughly 268435456
  Elapsed time dT = 0.902775
  Rate = MegaOPS/dT = 297.344905

  Block Size = 16
Run number: 4
  Floating point OPS roughly 268435456
  Elapsed time dT = 0.918682
  Rate = MegaOPS/dT = 292.196154

  Block Size = 16
Run number: 5
  Floating point OPS roughly 268435456
  Elapsed time dT = 0.903363
  Rate = MegaOPS/dT = 297.151187

  Block Size = 16
Run number: 6
  Floating point OPS roughly 268435456
  Elapsed time dT = 0.903668
  Rate = MegaOPS/dT = 297.050944

  Block Size = 16
Run number: 7
  Floating point OPS roughly 268435456
  Elapsed time dT = 0.907144
  Rate = MegaOPS/dT = 295.912761

  Block Size = 16
Run number: 8
  Floating point OPS roughly 268435456
  Elapsed time dT = 0.903903
  Rate = MegaOPS/dT = 296.973872

  Block Size = 16
Run number: 9
  Floating point OPS roughly 268435456
  Elapsed time dT = 0.901427
  Rate = MegaOPS/dT = 297.789300
Average Elapsed Time dT: 0.905678
Average Rate: 296.401055

====================Parallel Blocking Static End=============================

====================Parallel Blocking Dynamic=============================

  Block Size = 16
Run number: 0
  Floating point OPS roughly 268435456
  Elapsed time dT = 0.961456
  Rate = MegaOPS/dT = 279.196794

  Block Size = 16
Run number: 1
  Floating point OPS roughly 268435456
  Elapsed time dT = 0.952819
  Rate = MegaOPS/dT = 281.727513

  Block Size = 16
Run number: 2
  Floating point OPS roughly 268435456
  Elapsed time dT = 0.957835
  Rate = MegaOPS/dT = 280.252314

  Block Size = 16
Run number: 3
  Floating point OPS roughly 268435456
  Elapsed time dT = 0.951608
  Rate = MegaOPS/dT = 282.086139

  Block Size = 16
Run number: 4
  Floating point OPS roughly 268435456
  Elapsed time dT = 0.951240
  Rate = MegaOPS/dT = 282.195285

  Block Size = 16
Run number: 5
  Floating point OPS roughly 268435456
  Elapsed time dT = 0.967603
  Rate = MegaOPS/dT = 277.423252

  Block Size = 16
Run number: 6
  Floating point OPS roughly 268435456
  Elapsed time dT = 0.946761
  Rate = MegaOPS/dT = 283.530382

  Block Size = 16
Run number: 7
  Floating point OPS roughly 268435456
  Elapsed time dT = 0.949501
  Rate = MegaOPS/dT = 282.712011

  Block Size = 16
Run number: 8
  Floating point OPS roughly 268435456
  Elapsed time dT = 0.948911
  Rate = MegaOPS/dT = 282.887989

  Block Size = 16
Run number: 9
  Floating point OPS roughly 268435456
  Elapsed time dT = 0.954327
  Rate = MegaOPS/dT = 281.282456
Average Elapsed Time dT: 0.954206
Average Rate: 281.329413

====================Parallel Blocking Dynamic End=============================

====================Parallel Blocking Guided=============================

  Block Size = 16
Run number: 0
  Floating point OPS roughly 268435456
  Elapsed time dT = 0.932320
  Rate = MegaOPS/dT = 287.922048

  Block Size = 16
Run number: 1
  Floating point OPS roughly 268435456
  Elapsed time dT = 0.939495
  Rate = MegaOPS/dT = 285.723139

  Block Size = 16
Run number: 2
  Floating point OPS roughly 268435456
  Elapsed time dT = 0.930180
  Rate = MegaOPS/dT = 288.584571

  Block Size = 16
Run number: 3
  Floating point OPS roughly 268435456
  Elapsed time dT = 0.931979
  Rate = MegaOPS/dT = 288.027230

  Block Size = 16
Run number: 4
  Floating point OPS roughly 268435456
  Elapsed time dT = 0.928896
  Rate = MegaOPS/dT = 288.983436

  Block Size = 16
Run number: 5
  Floating point OPS roughly 268435456
  Elapsed time dT = 0.931604
  Rate = MegaOPS/dT = 288.143233

  Block Size = 16
Run number: 6
  Floating point OPS roughly 268435456
  Elapsed time dT = 0.935482
  Rate = MegaOPS/dT = 286.948693

  Block Size = 16
Run number: 7
  Floating point OPS roughly 268435456
  Elapsed time dT = 0.937684
  Rate = MegaOPS/dT = 286.274874

  Block Size = 16
Run number: 8
  Floating point OPS roughly 268435456
  Elapsed time dT = 0.930025
  Rate = MegaOPS/dT = 288.632563

  Block Size = 16
Run number: 9
  Floating point OPS roughly 268435456
  Elapsed time dT = 0.928211
  Rate = MegaOPS/dT = 289.196552
Average Elapsed Time dT: 0.932588
Average Rate: 287.843634

====================Parallel Blocking Guided End=============================

Dense MXM:
  Normal end of execution.
